Determining if the pthread_create exist failed with the following output:
Change Dir: /home/workspace/CppND-Capstone-Snake-Game/build/CMakeFiles/CMakeTmp

Run Build Command:"/usr/bin/make" "cmTC_4340e/fast"
make[1]: Entering directory '/workspace/home/CppND-Capstone-Snake-Game/build/CMakeFiles/CMakeTmp'
/usr/bin/make -f CMakeFiles/cmTC_4340e.dir/build.make CMakeFiles/cmTC_4340e.dir/build
make[2]: Entering directory '/workspace/home/CppND-Capstone-Snake-Game/build/CMakeFiles/CMakeTmp'
Building C object CMakeFiles/cmTC_4340e.dir/CheckSymbolExists.c.o
/usr/bin/cc    -o CMakeFiles/cmTC_4340e.dir/CheckSymbolExists.c.o   -c /home/workspace/CppND-Capstone-Snake-Game/build/CMakeFiles/CMakeTmp/CheckSymbolExists.c
Linking C executable cmTC_4340e
/usr/local/bin/cmake -E cmake_link_script CMakeFiles/cmTC_4340e.dir/link.txt --verbose=1
/usr/bin/cc      CMakeFiles/cmTC_4340e.dir/CheckSymbolExists.c.o  -o cmTC_4340e 
CMakeFiles/cmTC_4340e.dir/CheckSymbolExists.c.o: In function `main':
CheckSymbolExists.c:(.text+0x16): undefined reference to `pthread_create'
collect2: error: ld returned 1 exit status
CMakeFiles/cmTC_4340e.dir/build.make:86: recipe for target 'cmTC_4340e' failed
make[2]: *** [cmTC_4340e] Error 1
make[2]: Leaving directory '/workspace/home/CppND-Capstone-Snake-Game/build/CMakeFiles/CMakeTmp'
Makefile:121: recipe for target 'cmTC_4340e/fast' failed
make[1]: *** [cmTC_4340e/fast] Error 2
make[1]: Leaving directory '/workspace/home/CppND-Capstone-Snake-Game/build/CMakeFiles/CMakeTmp'

File /home/workspace/CppND-Capstone-Snake-Game/build/CMakeFiles/CMakeTmp/CheckSymbolExists.c:
/* */
#include <pthread.h>

int main(int argc, char** argv)
{
  (void)argv;
#ifndef pthread_create
  return ((int*)(&pthread_create))[argc];
#else
  (void)argc;
  return 0;
#endif
}

